<?xml version="1.0" encoding="UTF-8"?>
<testsuite xmlns:xsi="http://www.w3.org/2001/XMLSchema-instance" xsi:noNamespaceSchemaLocation="https://maven.apache.org/surefire/maven-surefire-plugin/xsd/surefire-test-report.xsd" version="3.0.2" name="com.taskmanager.TaskManagementSystemApplicationTests" time="1.861" tests="1" errors="0" skipped="0" failures="0">
  <properties>
[...]
</properties>
  <testcase name="contextLoads" classname="com.taskmanager.TaskManagementSystemApplicationTests" time="0.691">
    <system-out><![CDATA[16:35:52.902 [main] INFO org.springframework.test.context.support.AnnotationConfigContextLoaderUtils -- Could not detect default configuration classes for test class [com.taskmanager.TaskManagementSystemApplicationTests]: TaskManagementSystemApplicationTests does not declare any static, non-private, non-final, nested classes annotated with @Configuration.
16:35:53.036 [main] INFO org.springframework.boot.test.context.SpringBootTestContextBootstrapper -- Found @SpringBootConfiguration com.taskmanager.TaskManagerApplication for test class com.taskmanager.TaskManagementSystemApplicationTests

  .   ____          _            __ _ _
 /\\ / ___'_ __ _ _(_)_ __  __ _ \ \ \ \
( ( )\___ | '_ | '_| | '_ \/ _` | \ \ \ \
 \\/  ___)| |_)| | | | | || (_| |  ) ) ) )
  '  |____| .__|_| |_|_| |_\__, | / / / /
 =========|_|==============|___/=/_/_/_/

 :: Spring Boot ::                (v3.5.6)

2025-10-09T16:35:53.475+02:00  INFO 22976 --- [           main] c.t.TaskManagementSystemApplicationTests : Starting TaskManagementSystemApplicationTests using Java 18 with PID 22976 (started by Dorella in C:\Users\Dorella\Desktop\Projekte\Java\task-management-system\task-management-system)
2025-10-09T16:35:53.477+02:00  INFO 22976 --- [           main] c.t.TaskManagementSystemApplicationTests : No active profile set, falling back to 1 default profile: "default"
2025-10-09T16:35:53.896+02:00  INFO 22976 --- [           main] c.t.TaskManagementSystemApplicationTests : Started TaskManagementSystemApplicationTests in 0.716 seconds (process running for 1.747)
]]></system-out>
  </testcase>
</testsuite>